;  LST file generated by mikroListExporter - v.2.0 
; Date/Time: 09/11/2021 21:54:17
;----------------------------------------------

;Address Opcode 	ASM
0x0000	0x285D      	GOTO       93
_____DoICP:
;__Lib_System.c,6 :: 		
;__Lib_System.c,9 :: 		
0x0003	0x1283      	BCF        STATUS, 5
0x0004	0x1303      	BCF        STATUS, 6
0x0005	0x0823      	MOVF       ___DoICPAddr+1, 0
0x0006	0x008A      	MOVWF      PCLATH
;__Lib_System.c,10 :: 		
0x0007	0x0822      	MOVF       ___DoICPAddr, 0
0x0008	0x0082      	MOVWF      PCL
;__Lib_System.c,12 :: 		
L_end_____DoICP:
0x0009	0x0008      	RETURN
; end of _____DoICP
___CC2DW:
;__Lib_System.c,134 :: 		
;__Lib_System.c,137 :: 		
_CC2D_Loop1:
;__Lib_System.c,139 :: 		
0x000A	0x2003      	CALL       _____DoICP
0x000B	0x118A      	BCF        PCLATH, 3
0x000C	0x120A      	BCF        PCLATH, 4
;__Lib_System.c,141 :: 		
0x000D	0x0080      	MOVWF      INDF
;__Lib_System.c,142 :: 		
0x000E	0x0A84      	INCF       FSR, 1
;__Lib_System.c,143 :: 		
0x000F	0x0AA2      	INCF       ___DoICPAddr, 1
;__Lib_System.c,145 :: 		
0x0010	0x1903      	BTFSC      STATUS, 2
;__Lib_System.c,146 :: 		
0x0011	0x0AA3      	INCF       ___DoICPAddr+1, 1
;__Lib_System.c,147 :: 		
0x0012	0x03F0      	DECF       R0, 1
;__Lib_System.c,149 :: 		
0x0013	0x1D03      	BTFSS      STATUS, 2
;__Lib_System.c,150 :: 		
0x0014	0x280A      	GOTO       _CC2D_Loop1
;__Lib_System.c,152 :: 		
L_end___CC2DW:
0x0015	0x0008      	RETURN
; end of ___CC2DW
_turnOnLED:
;Aula1.c,10 :: 		void turnOnLED(unsigned short num) {
;Aula1.c,11 :: 		switch(num%8) {
0x0016	0x3007      	MOVLW      7
0x0017	0x1283      	BCF        STATUS, 5
0x0018	0x1303      	BCF        STATUS, 6
0x0019	0x0524      	ANDWF      FARG_turnOnLED_num, 0
0x001A	0x00F1      	MOVWF      R1
0x001B	0x2834      	GOTO       L_turnOnLED0
;Aula1.c,12 :: 		case 1: PORTD = 0b00000001; break;
L_turnOnLED2:
0x001C	0x3001      	MOVLW      1
0x001D	0x0088      	MOVWF      PORTD
0x001E	0x2851      	GOTO       L_turnOnLED1
;Aula1.c,13 :: 		case 2: PORTD = 0b00000010; break;
L_turnOnLED3:
0x001F	0x3002      	MOVLW      2
0x0020	0x0088      	MOVWF      PORTD
0x0021	0x2851      	GOTO       L_turnOnLED1
;Aula1.c,14 :: 		case 3: PORTD = 0b00000100; break;
L_turnOnLED4:
0x0022	0x3004      	MOVLW      4
0x0023	0x0088      	MOVWF      PORTD
0x0024	0x2851      	GOTO       L_turnOnLED1
;Aula1.c,15 :: 		case 4: PORTD = 0b00001000; break;
L_turnOnLED5:
0x0025	0x3008      	MOVLW      8
0x0026	0x0088      	MOVWF      PORTD
0x0027	0x2851      	GOTO       L_turnOnLED1
;Aula1.c,16 :: 		case 5: PORTD = 0b00010000; break;
L_turnOnLED6:
0x0028	0x3010      	MOVLW      16
0x0029	0x0088      	MOVWF      PORTD
0x002A	0x2851      	GOTO       L_turnOnLED1
;Aula1.c,17 :: 		case 6: PORTD = 0b00100000; break;
L_turnOnLED7:
0x002B	0x3020      	MOVLW      32
0x002C	0x0088      	MOVWF      PORTD
0x002D	0x2851      	GOTO       L_turnOnLED1
;Aula1.c,18 :: 		case 7: PORTD = 0b01000000; break;
L_turnOnLED8:
0x002E	0x3040      	MOVLW      64
0x002F	0x0088      	MOVWF      PORTD
0x0030	0x2851      	GOTO       L_turnOnLED1
;Aula1.c,19 :: 		default: PORTD = 0b10000000; break;
L_turnOnLED9:
0x0031	0x3080      	MOVLW      128
0x0032	0x0088      	MOVWF      PORTD
0x0033	0x2851      	GOTO       L_turnOnLED1
;Aula1.c,20 :: 		}
L_turnOnLED0:
0x0034	0x0871      	MOVF       R1, 0
0x0035	0x3A01      	XORLW      1
0x0036	0x1903      	BTFSC      STATUS, 2
0x0037	0x281C      	GOTO       L_turnOnLED2
0x0038	0x0871      	MOVF       R1, 0
0x0039	0x3A02      	XORLW      2
0x003A	0x1903      	BTFSC      STATUS, 2
0x003B	0x281F      	GOTO       L_turnOnLED3
0x003C	0x0871      	MOVF       R1, 0
0x003D	0x3A03      	XORLW      3
0x003E	0x1903      	BTFSC      STATUS, 2
0x003F	0x2822      	GOTO       L_turnOnLED4
0x0040	0x0871      	MOVF       R1, 0
0x0041	0x3A04      	XORLW      4
0x0042	0x1903      	BTFSC      STATUS, 2
0x0043	0x2825      	GOTO       L_turnOnLED5
0x0044	0x0871      	MOVF       R1, 0
0x0045	0x3A05      	XORLW      5
0x0046	0x1903      	BTFSC      STATUS, 2
0x0047	0x2828      	GOTO       L_turnOnLED6
0x0048	0x0871      	MOVF       R1, 0
0x0049	0x3A06      	XORLW      6
0x004A	0x1903      	BTFSC      STATUS, 2
0x004B	0x282B      	GOTO       L_turnOnLED7
0x004C	0x0871      	MOVF       R1, 0
0x004D	0x3A07      	XORLW      7
0x004E	0x1903      	BTFSC      STATUS, 2
0x004F	0x282E      	GOTO       L_turnOnLED8
0x0050	0x2831      	GOTO       L_turnOnLED9
L_turnOnLED1:
;Aula1.c,21 :: 		}
L_end_turnOnLED:
0x0051	0x0008      	RETURN
; end of _turnOnLED
_setup:
;Aula1.c,3 :: 		void setup() {
;Aula1.c,4 :: 		TRISD = 0b00000000;
0x0052	0x1683      	BSF        STATUS, 5
0x0053	0x1303      	BCF        STATUS, 6
0x0054	0x0188      	CLRF       TRISD
;Aula1.c,5 :: 		PORTD = 0b00000000;
0x0055	0x1283      	BCF        STATUS, 5
0x0056	0x0188      	CLRF       PORTD
;Aula1.c,6 :: 		TRISC = 1;
0x0057	0x3001      	MOVLW      1
0x0058	0x1683      	BSF        STATUS, 5
0x0059	0x0087      	MOVWF      TRISC
;Aula1.c,7 :: 		PORTC.RC2 = 1;
0x005A	0x1283      	BCF        STATUS, 5
0x005B	0x1507      	BSF        PORTC, 2
;Aula1.c,8 :: 		}
L_end_setup:
0x005C	0x0008      	RETURN
; end of _setup
_main:
0x005D	0x1283      	BCF        STATUS, 5
0x005E	0x1303      	BCF        STATUS, 6
0x005F	0x01A0      	CLRF       _num
0x0060	0x01A1      	CLRF       33
;Aula1.c,23 :: 		void main() {
;Aula1.c,24 :: 		setup();
0x0061	0x2052      	CALL       _setup
;Aula1.c,26 :: 		while(1) {
L_main10:
;Aula1.c,27 :: 		for (num = 0; num <= 8; num++){
0x0062	0x01A0      	CLRF       _num
0x0063	0x01A1      	CLRF       _num+1
L_main12:
0x0064	0x0821      	MOVF       _num+1, 0
0x0065	0x3C00      	SUBLW      0
0x0066	0x1D03      	BTFSS      STATUS, 2
0x0067	0x286A      	GOTO       L__main23
0x0068	0x0820      	MOVF       _num, 0
0x0069	0x3C08      	SUBLW      8
L__main23:
0x006A	0x1C03      	BTFSS      STATUS, 0
0x006B	0x2881      	GOTO       L_main13
;Aula1.c,28 :: 		turnOnLED(num);
0x006C	0x0820      	MOVF       _num, 0
0x006D	0x00A4      	MOVWF      FARG_turnOnLED_num
0x006E	0x2016      	CALL       _turnOnLED
;Aula1.c,29 :: 		delay_ms(900);
0x006F	0x3002      	MOVLW      2
0x0070	0x00FB      	MOVWF      R11
0x0071	0x3025      	MOVLW      37
0x0072	0x00FC      	MOVWF      R12
0x0073	0x3031      	MOVLW      49
0x0074	0x00FD      	MOVWF      R13
L_main15:
0x0075	0x0BFD      	DECFSZ     R13, 1
0x0076	0x2875      	GOTO       L_main15
0x0077	0x0BFC      	DECFSZ     R12, 1
0x0078	0x2875      	GOTO       L_main15
0x0079	0x0BFB      	DECFSZ     R11, 1
0x007A	0x2875      	GOTO       L_main15
0x007B	0x0000      	NOP
0x007C	0x0000      	NOP
;Aula1.c,27 :: 		for (num = 0; num <= 8; num++){
0x007D	0x0AA0      	INCF       _num, 1
0x007E	0x1903      	BTFSC      STATUS, 2
0x007F	0x0AA1      	INCF       _num+1, 1
;Aula1.c,30 :: 		}
0x0080	0x2864      	GOTO       L_main12
L_main13:
;Aula1.c,32 :: 		for (num = 8; num > 0; num--){
0x0081	0x3008      	MOVLW      8
0x0082	0x00A0      	MOVWF      _num
0x0083	0x3000      	MOVLW      0
0x0084	0x00A1      	MOVWF      _num+1
L_main16:
0x0085	0x0821      	MOVF       _num+1, 0
0x0086	0x3C00      	SUBLW      0
0x0087	0x1D03      	BTFSS      STATUS, 2
0x0088	0x288B      	GOTO       L__main24
0x0089	0x0820      	MOVF       _num, 0
0x008A	0x3C00      	SUBLW      0
L__main24:
0x008B	0x1803      	BTFSC      STATUS, 0
0x008C	0x28A3      	GOTO       L_main17
;Aula1.c,33 :: 		turnOnLED(num);
0x008D	0x0820      	MOVF       _num, 0
0x008E	0x00A4      	MOVWF      FARG_turnOnLED_num
0x008F	0x2016      	CALL       _turnOnLED
;Aula1.c,34 :: 		delay_ms(900);
0x0090	0x3002      	MOVLW      2
0x0091	0x00FB      	MOVWF      R11
0x0092	0x3025      	MOVLW      37
0x0093	0x00FC      	MOVWF      R12
0x0094	0x3031      	MOVLW      49
0x0095	0x00FD      	MOVWF      R13
L_main19:
0x0096	0x0BFD      	DECFSZ     R13, 1
0x0097	0x2896      	GOTO       L_main19
0x0098	0x0BFC      	DECFSZ     R12, 1
0x0099	0x2896      	GOTO       L_main19
0x009A	0x0BFB      	DECFSZ     R11, 1
0x009B	0x2896      	GOTO       L_main19
0x009C	0x0000      	NOP
0x009D	0x0000      	NOP
;Aula1.c,32 :: 		for (num = 8; num > 0; num--){
0x009E	0x3001      	MOVLW      1
0x009F	0x02A0      	SUBWF      _num, 1
0x00A0	0x1C03      	BTFSS      STATUS, 0
0x00A1	0x03A1      	DECF       _num+1, 1
;Aula1.c,35 :: 		}
0x00A2	0x2885      	GOTO       L_main16
L_main17:
;Aula1.c,36 :: 		}
0x00A3	0x2862      	GOTO       L_main10
;Aula1.c,37 :: 		}
L_end_main:
0x00A4	0x28A4      	GOTO       $+0
; end of _main
Symbol List:
//** Routines locations **
//ADDRESS    SIZE    PROCEDURE
//----------------------------------------------
0x0003       [7]    _____DoICP
0x000A      [12]    ___CC2DW
0x0016      [60]    _turnOnLED
0x0052      [11]    _setup
0x005D      [72]    _main
//** Variables locations ** 
//ADDRESS    SIZE    VARIABLE
//----------------------------------------------
0x0000       [1]    INDF
0x0002       [1]    PCL
0x0003       [1]    STATUS
0x0004       [1]    FSR
0x0007       [1]    PORTC
0x0008       [1]    PORTD
0x000A       [1]    PCLATH
0x0020       [2]    _num
0x0022       [2]    ___DoICPAddr
0x0024       [1]    FARG_turnOnLED_num
0x0070       [1]    R0
0x0071       [1]    R1
0x0072       [1]    R2
0x0073       [1]    R3
0x0074       [1]    R4
0x0075       [1]    R5
0x0076       [1]    R6
0x0077       [1]    R7
0x0078       [1]    R8
0x0079       [1]    R9
0x007A       [1]    R10
0x007B       [1]    R11
0x007C       [1]    R12
0x007D       [1]    R13
0x007E       [1]    R14
0x007F       [1]    R15
0x0087       [1]    TRISC
0x0088       [1]    TRISD
