;  LST file generated by mikroListExporter - v.2.0 
; Date/Time: 19/11/2021 21:42:35
;----------------------------------------------

;Address Opcode 	ASM
0x0000	0xF002EF08  	GOTO        1040
0x0004	0x0000      	NOP
0x0006	0x0000      	NOP
0x0008	0xF001EFF1  	GOTO        994
0x000C	0x0000      	NOP
0x000E	0x0000      	NOP
0x0010	0x0000      	NOP
0x0012	0x0000      	NOP
0x0014	0x0000      	NOP
0x0016	0x0000      	NOP
0x0018	0xF001EFF7  	GOTO        1006
_Delay_50us:
;__Lib_Delays.c,19 :: 		void Delay_50us() {
;__Lib_Delays.c,20 :: 		Delay_us(50);
0x001C	0x0E21      	MOVLW       33
0x001E	0x6E0D      	MOVWF       R13, 0
L_Delay_50us2:
0x0020	0x2E0D      	DECFSZ      R13, 1, 0
0x0022	0xD7FE      	BRA         L_Delay_50us2
;__Lib_Delays.c,21 :: 		}
L_end_Delay_50us:
0x0024	0x0012      	RETURN      0
; end of _Delay_50us
_Delay_5500us:
;__Lib_Delays.c,31 :: 		void Delay_5500us() {
;__Lib_Delays.c,32 :: 		Delay_us(5500);
0x0026	0x0E0F      	MOVLW       15
0x0028	0x6E0C      	MOVWF       R12, 0
0x002A	0x0E47      	MOVLW       71
0x002C	0x6E0D      	MOVWF       R13, 0
L_Delay_5500us5:
0x002E	0x2E0D      	DECFSZ      R13, 1, 0
0x0030	0xD7FE      	BRA         L_Delay_5500us5
0x0032	0x2E0C      	DECFSZ      R12, 1, 0
0x0034	0xD7FC      	BRA         L_Delay_5500us5
0x0036	0x0000      	NOP
0x0038	0x0000      	NOP
;__Lib_Delays.c,33 :: 		}
L_end_Delay_5500us:
0x003A	0x0012      	RETURN      0
; end of _Delay_5500us
_Delay_1us:
;__Lib_Delays.c,7 :: 		void Delay_1us() {
;__Lib_Delays.c,8 :: 		Delay_us(1);
0x003C	0x0000      	NOP
0x003E	0x0000      	NOP
;__Lib_Delays.c,9 :: 		}
L_end_Delay_1us:
0x0040	0x0012      	RETURN      0
; end of _Delay_1us
_Div_16X16_U:
;__Lib_Math.c,102 :: 		
;__Lib_Math.c,109 :: 		
0x0042	0x6A08      	CLRF        R8, 0
;__Lib_Math.c,110 :: 		
0x0044	0x6A09      	CLRF        R9, 0
;__Lib_Math.c,111 :: 		
0x0046	0x0E10      	MOVLW       16
;__Lib_Math.c,112 :: 		
0x0048	0x6E0C      	MOVWF       R12, 0
;__Lib_Math.c,113 :: 		
0x004A	0x3401      	RLCF        R1, 0, 0
;__Lib_Math.c,114 :: 		
0x004C	0x3608      	RLCF        R8, 1, 0
;__Lib_Math.c,115 :: 		
0x004E	0x3609      	RLCF        R9, 1, 0
;__Lib_Math.c,116 :: 		
0x0050	0x5004      	MOVF        R4, 0, 0
;__Lib_Math.c,117 :: 		
0x0052	0x5E08      	SUBWF       R8, 1, 0
;__Lib_Math.c,118 :: 		
0x0054	0x5005      	MOVF        R5, 0, 0
;__Lib_Math.c,119 :: 		
0x0056	0xA0D8      	BTFSS       STATUS, 0, 0
;__Lib_Math.c,120 :: 		
0x0058	0x3C05      	INCFSZ      R5, 0, 0
;__Lib_Math.c,121 :: 		
0x005A	0x5E09      	SUBWF       R9, 1, 0
;__Lib_Math.c,122 :: 		
0x005C	0xB0D8      	BTFSC       STATUS, 0, 0
;__Lib_Math.c,123 :: 		
0x005E	0xD007      	BRA         $+16
;__Lib_Math.c,124 :: 		
0x0060	0x5004      	MOVF        R4, 0, 0
;__Lib_Math.c,125 :: 		
0x0062	0x2608      	ADDWF       R8, 1, 0
;__Lib_Math.c,126 :: 		
0x0064	0x5005      	MOVF        R5, 0, 0
;__Lib_Math.c,127 :: 		
0x0066	0xB0D8      	BTFSC       STATUS, 0, 0
;__Lib_Math.c,128 :: 		
0x0068	0x3C05      	INCFSZ      R5, 0, 0
;__Lib_Math.c,129 :: 		
0x006A	0x2609      	ADDWF       R9, 1, 0
;__Lib_Math.c,130 :: 		
0x006C	0x90D8      	BCF         STATUS, 0, 0
;__Lib_Math.c,131 :: 		
0x006E	0x3600      	RLCF        R0, 1, 0
;__Lib_Math.c,132 :: 		
0x0070	0x3601      	RLCF        R1, 1, 0
;__Lib_Math.c,133 :: 		
0x0072	0x2E0C      	DECFSZ      R12, 1, 0
;__Lib_Math.c,134 :: 		
0x0074	0xD7EA      	BRA         $-42
;__Lib_Math.c,136 :: 		
L_end_Div_16X16_U:
0x0076	0x0012      	RETURN      0
; end of _Div_16X16_U
_Lcd_Cmd:
;__Lib_Lcd.c,18 :: 		
;__Lib_Lcd.c,20 :: 		
0x0078	0xBE44      	BTFSC       FARG_Lcd_Cmd_out_char, 7 
0x007A	0xD002      	BRA         L__Lcd_Cmd21
0x007C	0x9E83      	BCF         LCD_D7, BitPos(LCD_D7+0) 
0x007E	0xD001      	BRA         L__Lcd_Cmd22
L__Lcd_Cmd21:
0x0080	0x8E83      	BSF         LCD_D7, BitPos(LCD_D7+0) 
L__Lcd_Cmd22:
;__Lib_Lcd.c,21 :: 		
0x0082	0xBC44      	BTFSC       FARG_Lcd_Cmd_out_char, 6 
0x0084	0xD002      	BRA         L__Lcd_Cmd23
0x0086	0x9C83      	BCF         LCD_D6, BitPos(LCD_D6+0) 
0x0088	0xD001      	BRA         L__Lcd_Cmd24
L__Lcd_Cmd23:
0x008A	0x8C83      	BSF         LCD_D6, BitPos(LCD_D6+0) 
L__Lcd_Cmd24:
;__Lib_Lcd.c,22 :: 		
0x008C	0xBA44      	BTFSC       FARG_Lcd_Cmd_out_char, 5 
0x008E	0xD002      	BRA         L__Lcd_Cmd25
0x0090	0x9A83      	BCF         LCD_D5, BitPos(LCD_D5+0) 
0x0092	0xD001      	BRA         L__Lcd_Cmd26
L__Lcd_Cmd25:
0x0094	0x8A83      	BSF         LCD_D5, BitPos(LCD_D5+0) 
L__Lcd_Cmd26:
;__Lib_Lcd.c,23 :: 		
0x0096	0xB844      	BTFSC       FARG_Lcd_Cmd_out_char, 4 
0x0098	0xD002      	BRA         L__Lcd_Cmd27
0x009A	0x9883      	BCF         LCD_D4, BitPos(LCD_D4+0) 
0x009C	0xD001      	BRA         L__Lcd_Cmd28
L__Lcd_Cmd27:
0x009E	0x8883      	BSF         LCD_D4, BitPos(LCD_D4+0) 
L__Lcd_Cmd28:
;__Lib_Lcd.c,25 :: 		
0x00A0	0xB02A      	BTFSC       __Lib_Lcd_cmd_status, BitPos(__Lib_Lcd_cmd_status+0) 
0x00A2	0xD002      	BRA         L__Lcd_Cmd29
0x00A4	0x8483      	BSF         LCD_RS, BitPos(LCD_RS+0) 
0x00A6	0xD001      	BRA         L__Lcd_Cmd30
L__Lcd_Cmd29:
0x00A8	0x9483      	BCF         LCD_RS, BitPos(LCD_RS+0) 
L__Lcd_Cmd30:
;__Lib_Lcd.c,28 :: 		
0x00AA	0x8683      	BSF         LCD_EN, BitPos(LCD_EN+0) 
;__Lib_Lcd.c,29 :: 		
0x00AC	0xDFC7      	RCALL       _Delay_1us
;__Lib_Lcd.c,30 :: 		
0x00AE	0x9683      	BCF         LCD_EN, BitPos(LCD_EN+0) 
;__Lib_Lcd.c,33 :: 		
0x00B0	0xB644      	BTFSC       FARG_Lcd_Cmd_out_char, 3 
0x00B2	0xD002      	BRA         L__Lcd_Cmd31
0x00B4	0x9E83      	BCF         LCD_D7, BitPos(LCD_D7+0) 
0x00B6	0xD001      	BRA         L__Lcd_Cmd32
L__Lcd_Cmd31:
0x00B8	0x8E83      	BSF         LCD_D7, BitPos(LCD_D7+0) 
L__Lcd_Cmd32:
;__Lib_Lcd.c,34 :: 		
0x00BA	0xB444      	BTFSC       FARG_Lcd_Cmd_out_char, 2 
0x00BC	0xD002      	BRA         L__Lcd_Cmd33
0x00BE	0x9C83      	BCF         LCD_D6, BitPos(LCD_D6+0) 
0x00C0	0xD001      	BRA         L__Lcd_Cmd34
L__Lcd_Cmd33:
0x00C2	0x8C83      	BSF         LCD_D6, BitPos(LCD_D6+0) 
L__Lcd_Cmd34:
;__Lib_Lcd.c,35 :: 		
0x00C4	0xB244      	BTFSC       FARG_Lcd_Cmd_out_char, 1 
0x00C6	0xD002      	BRA         L__Lcd_Cmd35
0x00C8	0x9A83      	BCF         LCD_D5, BitPos(LCD_D5+0) 
0x00CA	0xD001      	BRA         L__Lcd_Cmd36
L__Lcd_Cmd35:
0x00CC	0x8A83      	BSF         LCD_D5, BitPos(LCD_D5+0) 
L__Lcd_Cmd36:
;__Lib_Lcd.c,36 :: 		
0x00CE	0xB044      	BTFSC       FARG_Lcd_Cmd_out_char, 0 
0x00D0	0xD002      	BRA         L__Lcd_Cmd37
0x00D2	0x9883      	BCF         LCD_D4, BitPos(LCD_D4+0) 
0x00D4	0xD001      	BRA         L__Lcd_Cmd38
L__Lcd_Cmd37:
0x00D6	0x8883      	BSF         LCD_D4, BitPos(LCD_D4+0) 
L__Lcd_Cmd38:
;__Lib_Lcd.c,38 :: 		
0x00D8	0xB02A      	BTFSC       __Lib_Lcd_cmd_status, BitPos(__Lib_Lcd_cmd_status+0) 
0x00DA	0xD002      	BRA         L__Lcd_Cmd39
0x00DC	0x8483      	BSF         LCD_RS, BitPos(LCD_RS+0) 
0x00DE	0xD001      	BRA         L__Lcd_Cmd40
L__Lcd_Cmd39:
0x00E0	0x9483      	BCF         LCD_RS, BitPos(LCD_RS+0) 
L__Lcd_Cmd40:
;__Lib_Lcd.c,40 :: 		
0x00E2	0x8683      	BSF         LCD_EN, BitPos(LCD_EN+0) 
;__Lib_Lcd.c,41 :: 		
0x00E4	0xDFAB      	RCALL       _Delay_1us
;__Lib_Lcd.c,42 :: 		
0x00E6	0x9683      	BCF         LCD_EN, BitPos(LCD_EN+0) 
;__Lib_Lcd.c,44 :: 		
0x00E8	0xA02A      	BTFSS       __Lib_Lcd_cmd_status, BitPos(__Lib_Lcd_cmd_status+0) 
0x00EA	0xD002      	BRA         L_Lcd_Cmd0
;__Lib_Lcd.c,45 :: 		
0x00EC	0xDF9C      	RCALL       _Delay_5500us
0x00EE	0xD001      	BRA         L_Lcd_Cmd1
L_Lcd_Cmd0:
;__Lib_Lcd.c,47 :: 		
0x00F0	0xDF95      	RCALL       _Delay_50us
L_Lcd_Cmd1:
;__Lib_Lcd.c,48 :: 		
L_end_Lcd_Cmd:
0x00F2	0x0012      	RETURN      0
; end of _Lcd_Cmd
_WordToStr:
;__Lib_Conversions.c,98 :: 		
;__Lib_Conversions.c,103 :: 		
0x00F4	0x6A41      	CLRF        WordToStr_len_L0 
L_WordToStr11:
0x00F6	0x0E05      	MOVLW       5
0x00F8	0x5C41      	SUBWF       WordToStr_len_L0, 0 
0x00FA	0xE20A      	BC          L_WordToStr12
;__Lib_Conversions.c,104 :: 		
0x00FC	0x5041      	MOVF        WordToStr_len_L0, 0 
0x00FE	0x243F      	ADDWF       FARG_WordToStr_output, 0 
0x0100	0x6EE1      	MOVWF       FSR1L 
0x0102	0x0E00      	MOVLW       0
0x0104	0x2040      	ADDWFC      FARG_WordToStr_output+1, 0 
0x0106	0x6EE2      	MOVWF       FSR1L+1 
0x0108	0x0E20      	MOVLW       32
0x010A	0x6EE6      	MOVWF       POSTINC1 
;__Lib_Conversions.c,103 :: 		
0x010C	0x2A41      	INCF        WordToStr_len_L0, 1 
;__Lib_Conversions.c,104 :: 		
0x010E	0xD7F3      	BRA         L_WordToStr11
L_WordToStr12:
;__Lib_Conversions.c,105 :: 		
0x0110	0x5041      	MOVF        WordToStr_len_L0, 0 
0x0112	0x243F      	ADDWF       FARG_WordToStr_output, 0 
0x0114	0x6EE1      	MOVWF       FSR1L 
0x0116	0x0E00      	MOVLW       0
0x0118	0x2040      	ADDWFC      FARG_WordToStr_output+1, 0 
0x011A	0x6EE2      	MOVWF       FSR1L+1 
0x011C	0x6AE6      	CLRF        POSTINC1 
0x011E	0x0641      	DECF        WordToStr_len_L0, 1 
;__Lib_Conversions.c,107 :: 		
L_WordToStr14:
;__Lib_Conversions.c,108 :: 		
0x0120	0x5041      	MOVF        WordToStr_len_L0, 0 
0x0122	0x243F      	ADDWF       FARG_WordToStr_output, 0 
0x0124	0x6E42      	MOVWF       FLOC__WordToStr 
0x0126	0x0E00      	MOVLW       0
0x0128	0x2040      	ADDWFC      FARG_WordToStr_output+1, 0 
0x012A	0x6E43      	MOVWF       FLOC__WordToStr+1 
0x012C	0x0E0A      	MOVLW       10
0x012E	0x6E04      	MOVWF       R4 
0x0130	0x0E00      	MOVLW       0
0x0132	0x6E05      	MOVWF       R5 
0x0134	0xF000C03D  	MOVFF       FARG_WordToStr_input, R0
0x0138	0xF001C03E  	MOVFF       FARG_WordToStr_input+1, R1
0x013C	0xDF82      	RCALL       _Div_16X16_U
0x013E	0xF000C008  	MOVFF       R8, R0
0x0142	0xF001C009  	MOVFF       R9, R1
0x0146	0x0E30      	MOVLW       48
0x0148	0x2600      	ADDWF       R0, 1 
0x014A	0xFFE1C042  	MOVFF       FLOC__WordToStr, FSR1L
0x014E	0xFFE2C043  	MOVFF       FLOC__WordToStr+1, FSR1H
0x0152	0xFFE6C000  	MOVFF       R0, POSTINC1
;__Lib_Conversions.c,109 :: 		
0x0156	0x0E0A      	MOVLW       10
0x0158	0x6E04      	MOVWF       R4 
0x015A	0x0E00      	MOVLW       0
0x015C	0x6E05      	MOVWF       R5 
0x015E	0xF000C03D  	MOVFF       FARG_WordToStr_input, R0
0x0162	0xF001C03E  	MOVFF       FARG_WordToStr_input+1, R1
0x0166	0xDF6D      	RCALL       _Div_16X16_U
0x0168	0xF03DC000  	MOVFF       R0, FARG_WordToStr_input
0x016C	0xF03EC001  	MOVFF       R1, FARG_WordToStr_input+1
;__Lib_Conversions.c,110 :: 		
0x0170	0x0E00      	MOVLW       0
0x0172	0x1801      	XORWF       R1, 0 
0x0174	0xE102      	BNZ         L__WordToStr379
0x0176	0x0E00      	MOVLW       0
0x0178	0x1800      	XORWF       R0, 0 
L__WordToStr379:
0x017A	0xE101      	BNZ         L_WordToStr16
;__Lib_Conversions.c,111 :: 		
0x017C	0xD002      	BRA         L_WordToStr15
L_WordToStr16:
;__Lib_Conversions.c,112 :: 		
0x017E	0x0641      	DECF        WordToStr_len_L0, 1 
;__Lib_Conversions.c,113 :: 		
0x0180	0xD7CF      	BRA         L_WordToStr14
L_WordToStr15:
;__Lib_Conversions.c,114 :: 		
L_end_WordToStr:
0x0182	0x0012      	RETURN      0
; end of _WordToStr
_Lcd_Chr_CP:
;__Lib_Lcd.c,50 :: 		
;__Lib_Lcd.c,52 :: 		
0x0184	0x902A      	BCF         __Lib_Lcd_cmd_status, BitPos(__Lib_Lcd_cmd_status+0) 
;__Lib_Lcd.c,53 :: 		
0x0186	0xF044C03D  	MOVFF       FARG_Lcd_Chr_CP_out_char, FARG_Lcd_Cmd_out_char
0x018A	0xDF76      	RCALL       _Lcd_Cmd
;__Lib_Lcd.c,54 :: 		
0x018C	0x802A      	BSF         __Lib_Lcd_cmd_status, BitPos(__Lib_Lcd_cmd_status+0) 
;__Lib_Lcd.c,55 :: 		
L_end_Lcd_Chr_CP:
0x018E	0x0012      	RETURN      0
; end of _Lcd_Chr_CP
_ADC_Init:
;__Lib_ADC_A_D.c,13 :: 		
;__Lib_ADC_A_D.c,14 :: 		
0x0190	0x0EFF      	MOVLW       _ADC_Get_Sample
0x0192	0x6E26      	MOVWF       _ADC_Get_Sample_Ptr 
0x0194	0x0EFF      	MOVLW       hi_addr(_ADC_Get_Sample)
0x0196	0x6E27      	MOVWF       _ADC_Get_Sample_Ptr+1 
0x0198	0x0EFF      	MOVLW       FARG_ADC_Get_Sample_channel
0x019A	0x6E28      	MOVWF       _ADC_Get_Sample_Ptr+2 
0x019C	0x0EFF      	MOVLW       hi_addr(FARG_ADC_Get_Sample_channel)
0x019E	0x6E29      	MOVWF       _ADC_Get_Sample_Ptr+3 
;__Lib_ADC_A_D.c,16 :: 		
0x01A0	0x6AC2      	CLRF        ADCON0 
;__Lib_ADC_A_D.c,17 :: 		
0x01A2	0x1C18      	COMF        _vref_mask, 0 
0x01A4	0x6E00      	MOVWF       R0 
0x01A6	0x5000      	MOVF        R0, 0 
0x01A8	0x16C1      	ANDWF       ADCON1, 1 
;__Lib_ADC_A_D.c,18 :: 		
0x01AA	0x0E07      	MOVLW       7
0x01AC	0x12C0      	IORWF       ADCON2, 1 
;__Lib_ADC_A_D.c,19 :: 		
0x01AE	0x8EC0      	BSF         ADCON2, 7 
;__Lib_ADC_A_D.c,20 :: 		
0x01B0	0x80C2      	BSF         ADCON0, 0 
;__Lib_ADC_A_D.c,21 :: 		
L_end_ADC_Init:
0x01B2	0x0012      	RETURN      0
; end of _ADC_Init
_Lcd_Init:
;__Lib_Lcd.c,84 :: 		
;__Lib_Lcd.c,86 :: 		
0x01B4	0x9695      	BCF         LCD_EN_Direction, BitPos(LCD_EN_Direction+0) 
;__Lib_Lcd.c,87 :: 		
0x01B6	0x9495      	BCF         LCD_RS_Direction, BitPos(LCD_RS_Direction+0) 
;__Lib_Lcd.c,88 :: 		
0x01B8	0x9895      	BCF         LCD_D4_Direction, BitPos(LCD_D4_Direction+0) 
;__Lib_Lcd.c,89 :: 		
0x01BA	0x9A95      	BCF         LCD_D5_Direction, BitPos(LCD_D5_Direction+0) 
;__Lib_Lcd.c,90 :: 		
0x01BC	0x9C95      	BCF         LCD_D6_Direction, BitPos(LCD_D6_Direction+0) 
;__Lib_Lcd.c,91 :: 		
0x01BE	0x9E95      	BCF         LCD_D7_Direction, BitPos(LCD_D7_Direction+0) 
;__Lib_Lcd.c,93 :: 		
0x01C0	0x9683      	BCF         LCD_EN, BitPos(LCD_EN+0) 
;__Lib_Lcd.c,94 :: 		
0x01C2	0x9483      	BCF         LCD_RS, BitPos(LCD_RS+0) 
;__Lib_Lcd.c,95 :: 		
0x01C4	0x9E83      	BCF         LCD_D7, BitPos(LCD_D7+0) 
;__Lib_Lcd.c,96 :: 		
0x01C6	0x9C83      	BCF         LCD_D6, BitPos(LCD_D6+0) 
;__Lib_Lcd.c,97 :: 		
0x01C8	0x9A83      	BCF         LCD_D5, BitPos(LCD_D5+0) 
;__Lib_Lcd.c,98 :: 		
0x01CA	0x9883      	BCF         LCD_D4, BitPos(LCD_D4+0) 
;__Lib_Lcd.c,100 :: 		
0x01CC	0xDF2C      	RCALL       _Delay_5500us
;__Lib_Lcd.c,101 :: 		
0x01CE	0xDF2B      	RCALL       _Delay_5500us
;__Lib_Lcd.c,102 :: 		
0x01D0	0xDF2A      	RCALL       _Delay_5500us
;__Lib_Lcd.c,105 :: 		
0x01D2	0x8A83      	BSF         LCD_D5, BitPos(LCD_D5+0) 
;__Lib_Lcd.c,106 :: 		
0x01D4	0x8883      	BSF         LCD_D4, BitPos(LCD_D4+0) 
;__Lib_Lcd.c,107 :: 		
0x01D6	0x8683      	BSF         LCD_EN, BitPos(LCD_EN+0) 
;__Lib_Lcd.c,108 :: 		
0x01D8	0xDF31      	RCALL       _Delay_1us
;__Lib_Lcd.c,109 :: 		
0x01DA	0x9683      	BCF         LCD_EN, BitPos(LCD_EN+0) 
;__Lib_Lcd.c,110 :: 		
0x01DC	0xDF24      	RCALL       _Delay_5500us
;__Lib_Lcd.c,112 :: 		
0x01DE	0x8683      	BSF         LCD_EN, BitPos(LCD_EN+0) 
;__Lib_Lcd.c,113 :: 		
0x01E0	0xDF2D      	RCALL       _Delay_1us
;__Lib_Lcd.c,114 :: 		
0x01E2	0x9683      	BCF         LCD_EN, BitPos(LCD_EN+0) 
;__Lib_Lcd.c,115 :: 		
0x01E4	0xDF20      	RCALL       _Delay_5500us
;__Lib_Lcd.c,117 :: 		
0x01E6	0x8683      	BSF         LCD_EN, BitPos(LCD_EN+0) 
;__Lib_Lcd.c,118 :: 		
0x01E8	0xDF29      	RCALL       _Delay_1us
;__Lib_Lcd.c,119 :: 		
0x01EA	0x9683      	BCF         LCD_EN, BitPos(LCD_EN+0) 
;__Lib_Lcd.c,120 :: 		
0x01EC	0xDF1C      	RCALL       _Delay_5500us
;__Lib_Lcd.c,123 :: 		
0x01EE	0x9883      	BCF         LCD_D4, BitPos(LCD_D4+0) 
;__Lib_Lcd.c,124 :: 		
0x01F0	0x8683      	BSF         LCD_EN, BitPos(LCD_EN+0) 
;__Lib_Lcd.c,125 :: 		
0x01F2	0xDF24      	RCALL       _Delay_1us
;__Lib_Lcd.c,126 :: 		
0x01F4	0x9683      	BCF         LCD_EN, BitPos(LCD_EN+0) 
;__Lib_Lcd.c,127 :: 		
0x01F6	0xDF17      	RCALL       _Delay_5500us
;__Lib_Lcd.c,130 :: 		
0x01F8	0x8683      	BSF         LCD_EN, BitPos(LCD_EN+0) 
;__Lib_Lcd.c,131 :: 		
0x01FA	0xDF20      	RCALL       _Delay_1us
;__Lib_Lcd.c,132 :: 		
0x01FC	0x9683      	BCF         LCD_EN, BitPos(LCD_EN+0) 
;__Lib_Lcd.c,134 :: 		
0x01FE	0x9A83      	BCF         LCD_D5, BitPos(LCD_D5+0) 
;__Lib_Lcd.c,135 :: 		
0x0200	0x8E83      	BSF         LCD_D7, BitPos(LCD_D7+0) 
;__Lib_Lcd.c,136 :: 		
0x0202	0x8683      	BSF         LCD_EN, BitPos(LCD_EN+0) 
;__Lib_Lcd.c,137 :: 		
0x0204	0xDF1B      	RCALL       _Delay_1us
;__Lib_Lcd.c,138 :: 		
0x0206	0x9683      	BCF         LCD_EN, BitPos(LCD_EN+0) 
;__Lib_Lcd.c,139 :: 		
0x0208	0xDF0E      	RCALL       _Delay_5500us
;__Lib_Lcd.c,142 :: 		
0x020A	0x9E83      	BCF         LCD_D7, BitPos(LCD_D7+0) 
;__Lib_Lcd.c,143 :: 		
0x020C	0x8883      	BSF         LCD_D4, BitPos(LCD_D4+0) 
;__Lib_Lcd.c,144 :: 		
0x020E	0x8683      	BSF         LCD_EN, BitPos(LCD_EN+0) 
;__Lib_Lcd.c,145 :: 		
0x0210	0xDF15      	RCALL       _Delay_1us
;__Lib_Lcd.c,146 :: 		
0x0212	0x9683      	BCF         LCD_EN, BitPos(LCD_EN+0) 
;__Lib_Lcd.c,148 :: 		
0x0214	0x9883      	BCF         LCD_D4, BitPos(LCD_D4+0) 
;__Lib_Lcd.c,149 :: 		
0x0216	0x8683      	BSF         LCD_EN, BitPos(LCD_EN+0) 
;__Lib_Lcd.c,150 :: 		
0x0218	0xDF11      	RCALL       _Delay_1us
;__Lib_Lcd.c,151 :: 		
0x021A	0x9683      	BCF         LCD_EN, BitPos(LCD_EN+0) 
;__Lib_Lcd.c,152 :: 		
0x021C	0xDF04      	RCALL       _Delay_5500us
;__Lib_Lcd.c,155 :: 		
0x021E	0x8683      	BSF         LCD_EN, BitPos(LCD_EN+0) 
;__Lib_Lcd.c,156 :: 		
0x0220	0xDF0D      	RCALL       _Delay_1us
;__Lib_Lcd.c,157 :: 		
0x0222	0x9683      	BCF         LCD_EN, BitPos(LCD_EN+0) 
;__Lib_Lcd.c,159 :: 		
0x0224	0x8883      	BSF         LCD_D4, BitPos(LCD_D4+0) 
;__Lib_Lcd.c,160 :: 		
0x0226	0x8683      	BSF         LCD_EN, BitPos(LCD_EN+0) 
;__Lib_Lcd.c,161 :: 		
0x0228	0xDF09      	RCALL       _Delay_1us
;__Lib_Lcd.c,162 :: 		
0x022A	0x9683      	BCF         LCD_EN, BitPos(LCD_EN+0) 
;__Lib_Lcd.c,163 :: 		
0x022C	0xDEFC      	RCALL       _Delay_5500us
;__Lib_Lcd.c,166 :: 		
0x022E	0x9883      	BCF         LCD_D4, BitPos(LCD_D4+0) 
;__Lib_Lcd.c,167 :: 		
0x0230	0x8683      	BSF         LCD_EN, BitPos(LCD_EN+0) 
;__Lib_Lcd.c,168 :: 		
0x0232	0xDF04      	RCALL       _Delay_1us
;__Lib_Lcd.c,169 :: 		
0x0234	0x9683      	BCF         LCD_EN, BitPos(LCD_EN+0) 
;__Lib_Lcd.c,171 :: 		
0x0236	0x8E83      	BSF         LCD_D7, BitPos(LCD_D7+0) 
;__Lib_Lcd.c,172 :: 		
0x0238	0x8C83      	BSF         LCD_D6, BitPos(LCD_D6+0) 
;__Lib_Lcd.c,173 :: 		
0x023A	0x8A83      	BSF         LCD_D5, BitPos(LCD_D5+0) 
;__Lib_Lcd.c,174 :: 		
0x023C	0x8883      	BSF         LCD_D4, BitPos(LCD_D4+0) 
;__Lib_Lcd.c,175 :: 		
0x023E	0x8683      	BSF         LCD_EN, BitPos(LCD_EN+0) 
;__Lib_Lcd.c,176 :: 		
0x0240	0xDEFD      	RCALL       _Delay_1us
;__Lib_Lcd.c,177 :: 		
0x0242	0x9683      	BCF         LCD_EN, BitPos(LCD_EN+0) 
;__Lib_Lcd.c,179 :: 		
0x0244	0xDEF0      	RCALL       _Delay_5500us
;__Lib_Lcd.c,181 :: 		
0x0246	0x802A      	BSF         __Lib_Lcd_cmd_status, BitPos(__Lib_Lcd_cmd_status+0) 
;__Lib_Lcd.c,182 :: 		
L_end_Lcd_Init:
0x0248	0x0012      	RETURN      0
; end of _Lcd_Init
_setup:
;desafio_9.c,49 :: 		void setup () {
;desafio_9.c,51 :: 		TRISA0_bit = 1;  // CONFIGURA O PINO EM QUE SE ENCONTRA A PORTA ANALÓGICA AN0 COMO ENTRADA
0x024A	0x8092      	BSF         TRISA0_bit, BitPos(TRISA0_bit+0) 
;desafio_9.c,52 :: 		TRISA1_bit = 1;  // CONFIGURA O PINO EM QUE SE ENCONTRA A PORTA ANALÓGICA AN1 COMO ENTRADA
0x024C	0x8292      	BSF         TRISA1_bit, BitPos(TRISA1_bit+0) 
;desafio_9.c,53 :: 		TRISA2_bit = 1;  // CONFIGURA O PINO EM QUE SE ENCONTRA A PORTA ANALÓGICA AN2 COMO ENTRADA
0x024E	0x8492      	BSF         TRISA2_bit, BitPos(TRISA2_bit+0) 
;desafio_9.c,55 :: 		ADCON1 = 0b00001100;//SELECIONA OS PINOS 2, 3, 4 DO PORTA COMO ENTRADAS ANALÓGICAS (AN0, AN1, AN2)
0x0250	0x0E0C      	MOVLW       12
0x0252	0x6EC1      	MOVWF       ADCON1 
;desafio_9.c,56 :: 		ADC_Init();//INICIALIZA MÓDULO ANALGÓGICO
0x0254	0xDF9D      	RCALL       _ADC_Init
;desafio_9.c,57 :: 		CMCON = 0b00000111;//DESABILITA COMPARADORES INTERNOS
0x0256	0x0E07      	MOVLW       7
0x0258	0x6EB4      	MOVWF       CMCON 
;desafio_9.c,59 :: 		Lcd_Init();//INICIALIZA DISPLAY LCD
0x025A	0xDFAC      	RCALL       _Lcd_Init
;desafio_9.c,60 :: 		Lcd_Cmd(_LCD_CLEAR);//ENVIA O COMANDO DE LIMPAR TELA PARA O DISPLAY LCD
0x025C	0x0E01      	MOVLW       1
0x025E	0x6E44      	MOVWF       FARG_Lcd_Cmd_out_char 
0x0260	0xDF0B      	RCALL       _Lcd_Cmd
;desafio_9.c,61 :: 		Lcd_Cmd(_LCD_CURSOR_OFF);// ENVIA O COMANDO DE DESLIGAR CURSOR PARA O DISPLAY LCD
0x0262	0x0E0C      	MOVLW       12
0x0264	0x6E44      	MOVWF       FARG_Lcd_Cmd_out_char 
0x0266	0xDF08      	RCALL       _Lcd_Cmd
;desafio_9.c,63 :: 		GIEH_bit = 1;// chave geral e alta prioridade
0x0268	0x8EF2      	BSF         GIEH_bit, BitPos(GIEH_bit+0) 
;desafio_9.c,64 :: 		PEIE_bit = 1;// Periféricos e baixa prioridade
0x026A	0x8CF2      	BSF         PEIE_bit, BitPos(PEIE_bit+0) 
;desafio_9.c,65 :: 		IPEN_bit = 1;// familia PIC18
0x026C	0x8ED0      	BSF         IPEN_bit, BitPos(IPEN_bit+0) 
;desafio_9.c,67 :: 		INT1IE_bit = 1;// habilita interrupção B1 INTCON3.INT1IE
0x026E	0x86F0      	BSF         INT1IE_bit, BitPos(INT1IE_bit+0) 
;desafio_9.c,68 :: 		INT1IP_bit = 1;// alta prioridade
0x0270	0x8CF0      	BSF         INT1IP_bit, BitPos(INT1IP_bit+0) 
;desafio_9.c,69 :: 		INTEDG1_bit = 1;// borda de subida
0x0272	0x8AF1      	BSF         INTEDG1_bit, BitPos(INTEDG1_bit+0) 
;desafio_9.c,70 :: 		INT1IF_bit = 0;// reset flag interrupção
0x0274	0x90F0      	BCF         INT1IF_bit, BitPos(INT1IF_bit+0) 
;desafio_9.c,72 :: 		INT2IE_bit = 1;// habilita interrupção B2 INTCON3.INT2IE
0x0276	0x88F0      	BSF         INT2IE_bit, BitPos(INT2IE_bit+0) 
;desafio_9.c,73 :: 		INT2IP_bit = 0;// baixa prioridade
0x0278	0x9EF0      	BCF         INT2IP_bit, BitPos(INT2IP_bit+0) 
;desafio_9.c,74 :: 		INTEDG2_bit = 1;// borda de subida
0x027A	0x88F1      	BSF         INTEDG2_bit, BitPos(INTEDG2_bit+0) 
;desafio_9.c,75 :: 		INT2IF_bit = 0;// reset flag interrupção
0x027C	0x92F0      	BCF         INT2IF_bit, BitPos(INT2IF_bit+0) 
;desafio_9.c,77 :: 		}
L_end_setup:
0x027E	0x0012      	RETURN      0
; end of _setup
___CC2DW:
;__Lib_System.c,21 :: 		
;__Lib_System.c,23 :: 		
_CC2DL_Loop1:
;__Lib_System.c,24 :: 		
0x0280	0x0009      	TBLRD*+
;__Lib_System.c,25 :: 		
0x0282	0xFFE6CFF5  	MOVFF       TABLAT, POSTINC1
;__Lib_System.c,26 :: 		
0x0286	0x0600      	DECF        R0, 1, 0
;__Lib_System.c,27 :: 		
0x0288	0xE1FB      	BNZ         _CC2DL_Loop1
;__Lib_System.c,28 :: 		
0x028A	0x0601      	DECF        R1, 1, 0
;__Lib_System.c,29 :: 		
0x028C	0xE1F9      	BNZ         _CC2DL_Loop1
;__Lib_System.c,31 :: 		
L_end___CC2DW:
0x028E	0x0012      	RETURN      0
; end of ___CC2DW
_Lcd_Out:
;__Lib_Lcd.c,184 :: 		
;__Lib_Lcd.c,187 :: 		
0x0290	0xD00F      	BRA         L_Lcd_Out11
;__Lib_Lcd.c,188 :: 		
L_Lcd_Out13:
0x0292	0x0E80      	MOVLW       128
0x0294	0x6E33      	MOVWF       FARG_Lcd_Out_row 
0x0296	0xD019      	BRA         L_Lcd_Out12
;__Lib_Lcd.c,189 :: 		
L_Lcd_Out14:
0x0298	0x0EC0      	MOVLW       192
0x029A	0x6E33      	MOVWF       FARG_Lcd_Out_row 
0x029C	0xD016      	BRA         L_Lcd_Out12
;__Lib_Lcd.c,190 :: 		
L_Lcd_Out15:
0x029E	0x0E94      	MOVLW       148
0x02A0	0x6E33      	MOVWF       FARG_Lcd_Out_row 
0x02A2	0xD013      	BRA         L_Lcd_Out12
;__Lib_Lcd.c,191 :: 		
L_Lcd_Out16:
0x02A4	0x0ED4      	MOVLW       212
0x02A6	0x6E33      	MOVWF       FARG_Lcd_Out_row 
0x02A8	0xD010      	BRA         L_Lcd_Out12
;__Lib_Lcd.c,192 :: 		
L_Lcd_Out17:
0x02AA	0x0E80      	MOVLW       128
0x02AC	0x6E33      	MOVWF       FARG_Lcd_Out_row 
;__Lib_Lcd.c,193 :: 		
0x02AE	0xD00D      	BRA         L_Lcd_Out12
L_Lcd_Out11:
0x02B0	0x5033      	MOVF        FARG_Lcd_Out_row, 0 
0x02B2	0x0A01      	XORLW       1
0x02B4	0xE0EE      	BZ          L_Lcd_Out13
0x02B6	0x5033      	MOVF        FARG_Lcd_Out_row, 0 
0x02B8	0x0A02      	XORLW       2
0x02BA	0xE0EE      	BZ          L_Lcd_Out14
0x02BC	0x5033      	MOVF        FARG_Lcd_Out_row, 0 
0x02BE	0x0A03      	XORLW       3
0x02C0	0xE0EE      	BZ          L_Lcd_Out15
0x02C2	0x5033      	MOVF        FARG_Lcd_Out_row, 0 
0x02C4	0x0A04      	XORLW       4
0x02C6	0xE0EE      	BZ          L_Lcd_Out16
0x02C8	0xD7F0      	BRA         L_Lcd_Out17
L_Lcd_Out12:
;__Lib_Lcd.c,194 :: 		
0x02CA	0x0434      	DECF        FARG_Lcd_Out_column, 0 
0x02CC	0x6E00      	MOVWF       R0 
0x02CE	0x5033      	MOVF        FARG_Lcd_Out_row, 0 
0x02D0	0x2600      	ADDWF       R0, 1 
0x02D2	0xF033C000  	MOVFF       R0, FARG_Lcd_Out_row
;__Lib_Lcd.c,196 :: 		
0x02D6	0xF044C000  	MOVFF       R0, FARG_Lcd_Cmd_out_char
0x02DA	0xDECE      	RCALL       _Lcd_Cmd
;__Lib_Lcd.c,197 :: 		
0x02DC	0x902A      	BCF         __Lib_Lcd_cmd_status, BitPos(__Lib_Lcd_cmd_status+0) 
;__Lib_Lcd.c,198 :: 		
0x02DE	0x6A37      	CLRF        Lcd_Out_i_L0 
;__Lib_Lcd.c,199 :: 		
L_Lcd_Out18:
0x02E0	0x5037      	MOVF        Lcd_Out_i_L0, 0 
0x02E2	0x2435      	ADDWF       FARG_Lcd_Out_text, 0 
0x02E4	0x6EE9      	MOVWF       FSR0L 
0x02E6	0x0E00      	MOVLW       0
0x02E8	0x2036      	ADDWFC      FARG_Lcd_Out_text+1, 0 
0x02EA	0x6EEA      	MOVWF       FSR0L+1 
0x02EC	0x52EE      	MOVF        POSTINC0, 1 
0x02EE	0xE00B      	BZ          L_Lcd_Out19
;__Lib_Lcd.c,200 :: 		
0x02F0	0x5037      	MOVF        Lcd_Out_i_L0, 0 
0x02F2	0x2435      	ADDWF       FARG_Lcd_Out_text, 0 
0x02F4	0x6EE9      	MOVWF       FSR0L 
0x02F6	0x0E00      	MOVLW       0
0x02F8	0x2036      	ADDWFC      FARG_Lcd_Out_text+1, 0 
0x02FA	0x6EEA      	MOVWF       FSR0L+1 
0x02FC	0xF03DCFEE  	MOVFF       POSTINC0, FARG_Lcd_Chr_CP_out_char
0x0300	0xDF41      	RCALL       _Lcd_Chr_CP
0x0302	0x2A37      	INCF        Lcd_Out_i_L0, 1 
0x0304	0xD7ED      	BRA         L_Lcd_Out18
L_Lcd_Out19:
;__Lib_Lcd.c,201 :: 		
0x0306	0x802A      	BSF         __Lib_Lcd_cmd_status, BitPos(__Lib_Lcd_cmd_status+0) 
;__Lib_Lcd.c,202 :: 		
L_end_Lcd_Out:
0x0308	0x0012      	RETURN      0
; end of _Lcd_Out
_IntToStr:
;__Lib_Conversions.c,195 :: 		
;__Lib_Conversions.c,201 :: 		
0x030A	0x6A39      	CLRF        IntToStr_negative_L0 
0x030C	0x6A3A      	CLRF        IntToStr_negative_L0+1 
;__Lib_Conversions.c,202 :: 		
0x030E	0xF03BC033  	MOVFF       FARG_IntToStr_input, IntToStr_inword_L0
0x0312	0xF03CC034  	MOVFF       FARG_IntToStr_input+1, IntToStr_inword_L0+1
;__Lib_Conversions.c,203 :: 		
0x0316	0x0E80      	MOVLW       128
0x0318	0x1834      	XORWF       FARG_IntToStr_input+1, 0 
0x031A	0x6E00      	MOVWF       R0 
0x031C	0x0E80      	MOVLW       128
0x031E	0x5C00      	SUBWF       R0, 0 
0x0320	0xE102      	BNZ         L__IntToStr387
0x0322	0x0E00      	MOVLW       0
0x0324	0x5C33      	SUBWF       FARG_IntToStr_input, 0 
L__IntToStr387:
0x0326	0xE20B      	BC          L_IntToStr37
;__Lib_Conversions.c,204 :: 		
0x0328	0x0E01      	MOVLW       1
0x032A	0x6E39      	MOVWF       IntToStr_negative_L0 
0x032C	0x0E00      	MOVLW       0
0x032E	0x6E3A      	MOVWF       IntToStr_negative_L0+1 
;__Lib_Conversions.c,205 :: 		
0x0330	0x5033      	MOVF        FARG_IntToStr_input, 0 
0x0332	0x0800      	SUBLW       0
0x0334	0x6E3B      	MOVWF       IntToStr_inword_L0 
0x0336	0xF03CC034  	MOVFF       FARG_IntToStr_input+1, IntToStr_inword_L0+1
0x033A	0x0E00      	MOVLW       0
0x033C	0x563C      	SUBFWB      IntToStr_inword_L0+1, 1 
;__Lib_Conversions.c,206 :: 		
L_IntToStr37:
;__Lib_Conversions.c,207 :: 		
0x033E	0xF03DC03B  	MOVFF       IntToStr_inword_L0, FARG_WordToStr_input
0x0342	0xF03EC03C  	MOVFF       IntToStr_inword_L0+1, FARG_WordToStr_input+1
0x0346	0xF03FC035  	MOVFF       FARG_IntToStr_output, FARG_WordToStr_output
0x034A	0xF040C036  	MOVFF       FARG_IntToStr_output+1, FARG_WordToStr_output+1
0x034E	0xDED2      	RCALL       _WordToStr
;__Lib_Conversions.c,209 :: 		
0x0350	0x0E06      	MOVLW       6
0x0352	0x6E37      	MOVWF       IntToStr_i_L0 
0x0354	0x0E00      	MOVLW       0
0x0356	0x6E38      	MOVWF       IntToStr_i_L0+1 
;__Lib_Conversions.c,210 :: 		
L_IntToStr38:
0x0358	0x0E00      	MOVLW       0
0x035A	0x6E00      	MOVWF       R0 
0x035C	0x5038      	MOVF        IntToStr_i_L0+1, 0 
0x035E	0x5C00      	SUBWF       R0, 0 
0x0360	0xE102      	BNZ         L__IntToStr388
0x0362	0x5037      	MOVF        IntToStr_i_L0, 0 
0x0364	0x0800      	SUBLW       0
L__IntToStr388:
0x0366	0xE219      	BC          L_IntToStr39
;__Lib_Conversions.c,211 :: 		
0x0368	0x5037      	MOVF        IntToStr_i_L0, 0 
0x036A	0x2435      	ADDWF       FARG_IntToStr_output, 0 
0x036C	0x6EE1      	MOVWF       FSR1L 
0x036E	0x5038      	MOVF        IntToStr_i_L0+1, 0 
0x0370	0x2036      	ADDWFC      FARG_IntToStr_output+1, 0 
0x0372	0x6EE2      	MOVWF       FSR1L+1 
0x0374	0x0E01      	MOVLW       1
0x0376	0x5C37      	SUBWF       IntToStr_i_L0, 0 
0x0378	0x6E00      	MOVWF       R0 
0x037A	0x0E00      	MOVLW       0
0x037C	0x5838      	SUBWFB      IntToStr_i_L0+1, 0 
0x037E	0x6E01      	MOVWF       R1 
0x0380	0x5000      	MOVF        R0, 0 
0x0382	0x2435      	ADDWF       FARG_IntToStr_output, 0 
0x0384	0x6EE9      	MOVWF       FSR0L 
0x0386	0x5001      	MOVF        R1, 0 
0x0388	0x2036      	ADDWFC      FARG_IntToStr_output+1, 0 
0x038A	0x6EEA      	MOVWF       FSR0L+1 
0x038C	0xFFE6CFEE  	MOVFF       POSTINC0, POSTINC1
;__Lib_Conversions.c,212 :: 		
0x0390	0x0E01      	MOVLW       1
0x0392	0x5E37      	SUBWF       IntToStr_i_L0, 1 
0x0394	0x0E00      	MOVLW       0
0x0396	0x5A38      	SUBWFB      IntToStr_i_L0+1, 1 
;__Lib_Conversions.c,213 :: 		
0x0398	0xD7DF      	BRA         L_IntToStr38
L_IntToStr39:
;__Lib_Conversions.c,214 :: 		
0x039A	0xFFE1C035  	MOVFF       FARG_IntToStr_output, FSR1L
0x039E	0xFFE2C036  	MOVFF       FARG_IntToStr_output+1, FSR1H
0x03A2	0x0E20      	MOVLW       32
0x03A4	0x6EE6      	MOVWF       POSTINC1 
;__Lib_Conversions.c,215 :: 		
0x03A6	0x5039      	MOVF        IntToStr_negative_L0, 0 
0x03A8	0x103A      	IORWF       IntToStr_negative_L0+1, 0 
0x03AA	0xE01A      	BZ          L_IntToStr40
;__Lib_Conversions.c,216 :: 		
0x03AC	0x6A37      	CLRF        IntToStr_i_L0 
0x03AE	0x6A38      	CLRF        IntToStr_i_L0+1 
;__Lib_Conversions.c,217 :: 		
L_IntToStr41:
0x03B0	0x5037      	MOVF        IntToStr_i_L0, 0 
0x03B2	0x2435      	ADDWF       FARG_IntToStr_output, 0 
0x03B4	0x6EE9      	MOVWF       FSR0L 
0x03B6	0x5038      	MOVF        IntToStr_i_L0+1, 0 
0x03B8	0x2036      	ADDWFC      FARG_IntToStr_output+1, 0 
0x03BA	0x6EEA      	MOVWF       FSR0L+1 
0x03BC	0x50EE      	MOVF        POSTINC0, 0 
0x03BE	0x0A20      	XORLW       32
0x03C0	0xE103      	BNZ         L_IntToStr42
0x03C2	0x4A37      	INFSNZ      IntToStr_i_L0, 1 
0x03C4	0x2A38      	INCF        IntToStr_i_L0+1, 1 
0x03C6	0xD7F4      	BRA         L_IntToStr41
L_IntToStr42:
;__Lib_Conversions.c,218 :: 		
0x03C8	0x0E01      	MOVLW       1
0x03CA	0x5E37      	SUBWF       IntToStr_i_L0, 1 
0x03CC	0x0E00      	MOVLW       0
0x03CE	0x5A38      	SUBWFB      IntToStr_i_L0+1, 1 
;__Lib_Conversions.c,219 :: 		
0x03D0	0x5037      	MOVF        IntToStr_i_L0, 0 
0x03D2	0x2435      	ADDWF       FARG_IntToStr_output, 0 
0x03D4	0x6EE1      	MOVWF       FSR1L 
0x03D6	0x5038      	MOVF        IntToStr_i_L0+1, 0 
0x03D8	0x2036      	ADDWFC      FARG_IntToStr_output+1, 0 
0x03DA	0x6EE2      	MOVWF       FSR1L+1 
0x03DC	0x0E2D      	MOVLW       45
0x03DE	0x6EE6      	MOVWF       POSTINC1 
L_IntToStr40:
;__Lib_Conversions.c,220 :: 		
L_end_IntToStr:
0x03E0	0x0012      	RETURN      0
; end of _IntToStr
_interrupt:
;desafio_9.c,31 :: 		void interrupt() //0008h   vetor de alta
;desafio_9.c,33 :: 		if(INT1IF_bit == 1) //INTCON3.INT1IF
0x03E2	0xA0F0      	BTFSS       INT1IF_bit, BitPos(INT1IF_bit+0) 
0x03E4	0xD003      	BRA         L_interrupt0
;desafio_9.c,35 :: 		INT1IF_bit = 0;
0x03E6	0x90F0      	BCF         INT1IF_bit, BitPos(INT1IF_bit+0) 
;desafio_9.c,36 :: 		contador++;
0x03E8	0x4A24      	INFSNZ      _contador, 1 
0x03EA	0x2A25      	INCF        _contador+1, 1 
;desafio_9.c,37 :: 		}
L_interrupt0:
;desafio_9.c,38 :: 		}
L_end_interrupt:
L__interrupt6:
0x03EC	0x0011      	RETFIE      1
; end of _interrupt
_interrupt_low:
0x03EE	0x6E15      	MOVWF       ___Low_saveWREG 
0x03F0	0xF016CFD8  	MOVFF       STATUS, ___Low_saveSTATUS
0x03F4	0xF017CFE0  	MOVFF       BSR, ___Low_saveBSR
;desafio_9.c,40 :: 		void interrupt_low() //0018h  vetor baixa
;desafio_9.c,42 :: 		if(INT2IF_bit == 1)
0x03F8	0xA2F0      	BTFSS       INT2IF_bit, BitPos(INT2IF_bit+0) 
0x03FA	0xD003      	BRA         L_interrupt_low1
;desafio_9.c,44 :: 		INT2IF_bit = 0;
0x03FC	0x92F0      	BCF         INT2IF_bit, BitPos(INT2IF_bit+0) 
;desafio_9.c,45 :: 		contador = 0;
0x03FE	0x6A24      	CLRF        _contador 
0x0400	0x6A25      	CLRF        _contador+1 
;desafio_9.c,46 :: 		}
L_interrupt_low1:
;desafio_9.c,47 :: 		}
L_end_interrupt_low:
L__interrupt_low8:
0x0402	0x5017      	MOVF        ___Low_saveBSR, 0 
0x0404	0x6EE0      	MOVWF       BSR 
0x0406	0x5016      	MOVF        ___Low_saveSTATUS, 0 
0x0408	0x6ED8      	MOVWF       STATUS 
0x040A	0x3A15      	SWAPF       ___Low_saveWREG, 1 
0x040C	0x3815      	SWAPF       ___Low_saveWREG, 0 
0x040E	0x0010      	RETFIE      0
; end of _interrupt_low
_main:
0x0410	0xF002EC3C  	CALL        1144, 0
;desafio_9.c,79 :: 		void main() {
;desafio_9.c,80 :: 		setup();
0x0414	0xDF1A      	RCALL       _setup
;desafio_9.c,82 :: 		while(1) {
L_main2:
;desafio_9.c,83 :: 		Lcd_Out(1,2,"Contagem: ");
0x0416	0x0E01      	MOVLW       1
0x0418	0x6E33      	MOVWF       FARG_Lcd_Out_row 
0x041A	0x0E02      	MOVLW       2
0x041C	0x6E34      	MOVWF       FARG_Lcd_Out_column 
0x041E	0x0E19      	MOVLW       ?lstr1_desafio_9
0x0420	0x6E35      	MOVWF       FARG_Lcd_Out_text 
0x0422	0x0E00      	MOVLW       hi_addr(?lstr1_desafio_9)
0x0424	0x6E36      	MOVWF       FARG_Lcd_Out_text+1 
0x0426	0xDF34      	RCALL       _Lcd_Out
;desafio_9.c,84 :: 		IntToStr(contador, pot1_string);
0x0428	0xF033C024  	MOVFF       _contador, FARG_IntToStr_input
0x042C	0xF034C025  	MOVFF       _contador+1, FARG_IntToStr_input+1
0x0430	0x0E2B      	MOVLW       _pot1_string
0x0432	0x6E35      	MOVWF       FARG_IntToStr_output 
0x0434	0x0E00      	MOVLW       hi_addr(_pot1_string)
0x0436	0x6E36      	MOVWF       FARG_IntToStr_output+1 
0x0438	0xDF68      	RCALL       _IntToStr
;desafio_9.c,85 :: 		Lcd_Out(2, 2,pot1_string);
0x043A	0x0E02      	MOVLW       2
0x043C	0x6E33      	MOVWF       FARG_Lcd_Out_row 
0x043E	0x0E02      	MOVLW       2
0x0440	0x6E34      	MOVWF       FARG_Lcd_Out_column 
0x0442	0x0E2B      	MOVLW       _pot1_string
0x0444	0x6E35      	MOVWF       FARG_Lcd_Out_text 
0x0446	0x0E00      	MOVLW       hi_addr(_pot1_string)
0x0448	0x6E36      	MOVWF       FARG_Lcd_Out_text+1 
0x044A	0xDF22      	RCALL       _Lcd_Out
;desafio_9.c,86 :: 		delay_ms(100);
0x044C	0x0E02      	MOVLW       2
0x044E	0x6E0B      	MOVWF       R11, 0
0x0450	0x0E04      	MOVLW       4
0x0452	0x6E0C      	MOVWF       R12, 0
0x0454	0x0EBA      	MOVLW       186
0x0456	0x6E0D      	MOVWF       R13, 0
L_main4:
0x0458	0x2E0D      	DECFSZ      R13, 1, 0
0x045A	0xD7FE      	BRA         L_main4
0x045C	0x2E0C      	DECFSZ      R12, 1, 0
0x045E	0xD7FC      	BRA         L_main4
0x0460	0x2E0B      	DECFSZ      R11, 1, 0
0x0462	0xD7FA      	BRA         L_main4
0x0464	0x0000      	NOP
;desafio_9.c,87 :: 		}
0x0466	0xD7D7      	BRA         L_main2
;desafio_9.c,88 :: 		}
L_end_main:
0x0468	0xD7FF      	BRA         $+0
; end of _main
0x0478	0xF018EE10  	LFSR        1, 24
0x047C	0x0E0E      	MOVLW       14
0x047E	0x6E00      	MOVWF       R0 
0x0480	0x0E01      	MOVLW       1
0x0482	0x6E01      	MOVWF       R1 
0x0484	0x0E6A      	MOVLW       106
0x0486	0x6EF6      	MOVWF       TBLPTR 
0x0488	0x0E04      	MOVLW       4
0x048A	0x6EF7      	MOVWF       TBLPTRH 
0x048C	0x0E00      	MOVLW       0
0x048E	0x6EF8      	MOVWF       TBLPTRU 
0x0490	0xF001EC40  	CALL        640, 0
0x0494	0x0012      	RETURN      0
;__Lib_ADC_A_D.c,0 :: ?ICS_vref_mask
0x046A	0x30 ;?ICS_vref_mask+0
; end of ?ICS_vref_mask
;desafio_9.c,0 :: ?ICS?lstr1_desafio_9
0x046B	0x6F43 ;?ICS?lstr1_desafio_9+0
0x046D	0x746E ;?ICS?lstr1_desafio_9+2
0x046F	0x6761 ;?ICS?lstr1_desafio_9+4
0x0471	0x6D65 ;?ICS?lstr1_desafio_9+6
0x0473	0x203A ;?ICS?lstr1_desafio_9+8
0x0475	0x00 ;?ICS?lstr1_desafio_9+10
; end of ?ICS?lstr1_desafio_9
;desafio_9.c,0 :: ?ICS_contador
0x0476	0x0000 ;?ICS_contador+0
; end of ?ICS_contador
Symbol List:
//** Routines locations **
//ADDRESS    SIZE    PROCEDURE
//----------------------------------------------
0x001C      [10]    _Delay_50us
0x0026      [22]    _Delay_5500us
0x003C       [6]    _Delay_1us
0x0042      [54]    _Div_16X16_U
0x0078     [124]    _Lcd_Cmd
0x00F4     [144]    _WordToStr
0x0184      [12]    _Lcd_Chr_CP
0x0190      [36]    _ADC_Init
0x01B4     [150]    _Lcd_Init
0x024A      [54]    _setup
0x0280      [16]    ___CC2DW
0x0290     [122]    _Lcd_Out
0x030A     [216]    _IntToStr
0x03E2      [12]    _interrupt
0x03EE      [34]    _interrupt_low
0x0410      [90]    _main
//** Variables locations ** 
//ADDRESS    SIZE    VARIABLE
//----------------------------------------------
0x0000       [1]    R0
0x0001       [1]    R1
0x0001       [1]    __Lib_Conversions_Adjust_Hex_tmp_L0
0x0002       [1]    R2
0x0002       [2]    strlen_cp_L0
0x0002       [2]    memcpy_dd_L0
0x0002       [2]    memchr_s_L0
0x0002       [2]    memset_pp_L0
0x0003       [2]    memmove_tt_L0
0x0003       [2]    Ltrim_original_L0
0x0003       [1]    R3
0x0004       [2]    strcat_cp_L0
0x0004       [2]    memcpy_ss_L0
0x0004       [1]    R4
0x0004       [2]    strcpy_cp_L0
0x0004       [2]    strncpy_cp_L0
0x0004       [2]    strncat_cp_L0
0x0005       [2]    LongWordToHex_input_half_L0
0x0005       [1]    R5
0x0005       [2]    LongIntToHex_input_half_L0
0x0005       [2]    Ltrim_p_L0
0x0005       [2]    memmove_ff_L0
0x0006       [1]    R6
0x0007       [1]    R7
0x0008       [1]    R8
0x0009       [1]    R9
0x000A       [1]    R10
0x000B       [1]    R11
0x000C       [1]    R12
0x000D       [1]    R13
0x000E       [1]    R14
0x000F       [1]    R15
0x0010       [1]    R16
0x0011       [1]    R17
0x0012       [1]    R18
0x0013       [1]    R19
0x0014       [1]    R20
0x0015       [1]    ___Low_saveWREG
0x0016       [1]    ___Low_saveSTATUS
0x0017       [1]    ___Low_saveBSR
0x0018       [1]    _vref_mask
0x0019      [11]    ?lstr1_desafio_9
0x0024       [2]    _contador
0x0026       [4]    _ADC_Get_Sample_Ptr
0x002A       [0]    __Lib_Lcd_cmd_status
0x002B       [8]    _pot1_string
0x0033       [1]    FARG_Lcd_Out_row
0x0033       [2]    FARG_IntToStr_input
0x0034       [1]    FARG_Lcd_Out_column
0x0035       [2]    FARG_IntToStr_output
0x0035       [2]    FARG_Lcd_Out_text
0x0037       [1]    Lcd_Out_i_L0
0x0037       [2]    IntToStr_i_L0
0x0039       [2]    IntToStr_negative_L0
0x003B       [2]    IntToStr_inword_L0
0x003D       [2]    FARG_WordToStr_input
0x003D       [1]    FARG_Lcd_Chr_CP_out_char
0x003F       [2]    FARG_WordToStr_output
0x0041       [1]    WordToStr_len_L0
0x0042       [2]    FLOC__WordToStr
0x0044       [1]    FARG_Lcd_Cmd_out_char
0x0F83       [0]    RD2_bit
0x0F83       [0]    RD3_bit
0x0F83       [0]    RD6_bit
0x0F83       [0]    RD4_bit
0x0F83       [0]    RD7_bit
0x0F83       [0]    RD5_bit
0x0F83       [0]    LCD_D7
0x0F83       [0]    LCD_D6
0x0F83       [0]    LCD_RS
0x0F83       [0]    LCD_EN
0x0F83       [0]    LCD_D5
0x0F83       [0]    LCD_D4
0x0F92       [0]    TRISA0_bit
0x0F92       [0]    TRISA1_bit
0x0F92       [0]    TRISA2_bit
0x0F95       [0]    LCD_D7_Direction
0x0F95       [0]    TRISD7_bit
0x0F95       [0]    LCD_EN_Direction
0x0F95       [0]    LCD_D6_Direction
0x0F95       [0]    LCD_RS_Direction
0x0F95       [0]    LCD_D4_Direction
0x0F95       [0]    LCD_D5_Direction
0x0F95       [0]    TRISD5_bit
0x0F95       [0]    TRISD6_bit
0x0F95       [0]    TRISD3_bit
0x0F95       [0]    TRISD4_bit
0x0F95       [0]    TRISD2_bit
0x0FB4       [1]    CMCON
0x0FC0       [1]    ADCON2
0x0FC1       [1]    ADCON1
0x0FC2       [1]    ADCON0
0x0FD0       [0]    IPEN_bit
0x0FD8       [1]    STATUS
0x0FD9       [1]    FSR2L
0x0FDA       [1]    FSR2H
0x0FDE       [1]    POSTINC2
0x0FE0       [1]    BSR
0x0FE1       [1]    FSR1L
0x0FE2       [1]    FSR1H
0x0FE4       [1]    PREINC1
0x0FE6       [1]    POSTINC1
0x0FE7       [1]    INDF1
0x0FE8       [1]    WREG
0x0FE9       [1]    FSR0L
0x0FEA       [1]    FSR0H
0x0FEE       [1]    POSTINC0
0x0FF0       [0]    INT1IF_bit
0x0FF0       [0]    INT2IF_bit
0x0FF0       [0]    INT2IP_bit
0x0FF0       [0]    INT1IP_bit
0x0FF0       [0]    INT2IE_bit
0x0FF0       [0]    INT1IE_bit
0x0FF1       [0]    INTEDG2_bit
0x0FF1       [0]    INTEDG1_bit
0x0FF2       [0]    GIEH_bit
0x0FF2       [0]    PEIE_bit
0x0FF3       [1]    PRODL
0x0FF4       [1]    PRODH
0x0FF5       [1]    TABLAT
0x0FF6       [3]    TBLPTR
0x0FF6       [1]    TBLPTRL
0x0FF7       [1]    TBLPTRH
0x0FF8       [1]    TBLPTRU
//** Constants locations ** 
//ADDRESS    SIZE    CONSTANT
//----------------------------------------------
0x046A       [1]    ?ICS_vref_mask
0x046B      [11]    ?ICS?lstr1_desafio_9
0x0476       [2]    ?ICS_contador
